<?xml version="1.0" encoding="UTF-8" ?>
<testsuite 
errors="0" failures="0" hostname="huuvuong-Yoga-Slim-7-14ITL05" name="com.projectz.controller.HealthControllerTest" tests="1" time="3.039" timestamp="2022-08-22T08:03:22">
  <properties>
    <property name="java.runtime.name" value="OpenJDK Runtime Environment"/>
    <property 
    name="sun.boot.library.path" value="/usr/lib/jvm/java-8-openjdk-amd64/jre/lib/amd64">
</property>
    <property name="java.vm.version" value="25.342-b07"/>
    <property name="java.vm.vendor" value="Private Build"/>
    <property name="java.vendor.url" value="http://java.oracle.com/"/>
    <property name="path.separator" value=":"/>
    <property name="java.vm.name" value="OpenJDK 64-Bit Server VM"/>
    <property name="file.encoding.pkg" value="sun.io"/>
    <property name="user.country" value="GB"/>
    <property name="sun.java.launcher" value="SUN_STANDARD"/>
    <property name="sun.os.patch.level" value="unknown"/>
    <property 
    name="java.vm.specification.name" value="Java Virtual Machine Specification">
</property>
    <property name="user.dir" value="/home/huuvuong/source/projectz"/>
    <property 
    name="java.runtime.version" value="1.8.0_342-8u342-b07-0ubuntu1~22.04-b07">
</property>
    <property 
    name="java.awt.graphicsenv" value="sun.awt.X11GraphicsEnvironment">
</property>
    <property name="basedir" value="/home/huuvuong/source/projectz"/>
    <property 
    name="java.endorsed.dirs" value="/usr/lib/jvm/java-8-openjdk-amd64/jre/lib/endorsed">
</property>
    <property name="os.arch" value="amd64"/>
    <property name="java.io.tmpdir" value="/tmp"/>
    <property name="line.separator" value=" "/>
    <property name="java.vm.specification.vendor" value="Oracle Corporation"/>
    <property name="os.name" value="Linux"/>
    <property name="sun.jnu.encoding" value="UTF-8"/>
    <property 
    name="java.library.path" value="/usr/java/packages/lib/amd64:/usr/lib/x86_64-linux-gnu/jni:/lib/x86_64-linux-gnu:/usr/lib/x86_64-linux-gnu:/usr/lib/jni:/lib:/usr/lib">
</property>
    <property 
    name="java.specification.name" value="Java Platform API Specification">
</property>
    <property name="java.class.version" value="52.0"/>
    <property 
    name="sun.management.compiler" value="HotSpot 64-Bit Tiered Compilers">
</property>
    <property name="os.version" value="5.15.0-46-generic"/>
    <property name="user.home" value="/home/huuvuong"/>
    <property name="user.timezone" value=""/>
    <property name="java.awt.printerjob" value="sun.print.PSPrinterJob"/>
    <property name="file.encoding" value="UTF-8"/>
    <property name="java.specification.version" value="1.8"/>
    <property name="user.name" value="huuvuong"/>
    <property 
    name="java.class.path" value="/home/huuvuong/source/projectz/target/test-classes:/home/huuvuong/source/projectz/target/classes:/home/huuvuong/.m2/repository/org/scala-lang/scala-library/2.12.12/scala-library-2.12.12.jar:/home/huuvuong/.m2/repository/com/twitter/finatra-thrift_2.12/20.5.0/finatra-thrift_2.12-20.5.0.jar:/home/huuvuong/.m2/repository/com/twitter/inject-server_2.12/20.5.0/inject-server_2.12-20.5.0.jar:/home/huuvuong/.m2/repository/com/twitter/inject-mdc_2.12/20.5.0/inject-mdc_2.12-20.5.0.jar:/home/huuvuong/.m2/repository/com/twitter/util-slf4j-api_2.12/20.5.0/util-slf4j-api_2.12-20.5.0.jar:/home/huuvuong/.m2/repository/com/twitter/inject-slf4j_2.12/20.5.0/inject-slf4j_2.12-20.5.0.jar:/home/huuvuong/.m2/repository/com/fasterxml/jackson/core/jackson-annotations/2.11.0/jackson-annotations-2.11.0.jar:/home/huuvuong/.m2/repository/com/twitter/inject-thrift_2.12/20.5.0/inject-thrift_2.12-20.5.0.jar:/home/huuvuong/.m2/repository/org/apache/thrift/libthrift/0.10.0/libthrift-0.10.0.jar:/home/huuvuong/.m2/repository/org/apache/httpcomponents/httpclient/4.4.1/httpclient-4.4.1.jar:/home/huuvuong/.m2/repository/commons-codec/commons-codec/1.9/commons-codec-1.9.jar:/home/huuvuong/.m2/repository/org/apache/httpcomponents/httpcore/4.4.1/httpcore-4.4.1.jar:/home/huuvuong/.m2/repository/com/twitter/finagle-mux_2.12/20.5.0/finagle-mux_2.12-20.5.0.jar:/home/huuvuong/.m2/repository/com/twitter/scrooge-core_2.12/20.5.0/scrooge-core_2.12-20.5.0.jar:/home/huuvuong/.m2/repository/javax/annotation/javax.annotation-api/1.3.2/javax.annotation-api-1.3.2.jar:/home/huuvuong/.m2/repository/com/twitter/finagle-core_2.12/20.5.0/finagle-core_2.12-20.5.0.jar:/home/huuvuong/.m2/repository/com/twitter/finagle-toggle_2.12/20.5.0/finagle-toggle_2.12-20.5.0.jar:/home/huuvuong/.m2/repository/com/twitter/finagle-init_2.12/20.5.0/finagle-init_2.12-20.5.0.jar:/home/huuvuong/.m2/repository/org/scala-lang/modules/scala-collection-compat_2.12/2.1.2/scala-collection-compat_2.12-2.1.2.jar:/home/huuvuong/.m2/repository/com/twitter/util-cache_2.12/20.5.0/util-cache_2.12-20.5.0.jar:/home/huuvuong/.m2/repository/com/twitter/util-codec_2.12/20.5.0/util-codec_2.12-20.5.0.jar:/home/huuvuong/.m2/repository/com/twitter/util-hashing_2.12/20.5.0/util-hashing_2.12-20.5.0.jar:/home/huuvuong/.m2/repository/com/twitter/util-jvm_2.12/20.5.0/util-jvm_2.12-20.5.0.jar:/home/huuvuong/.m2/repository/com/twitter/util-lint_2.12/20.5.0/util-lint_2.12-20.5.0.jar:/home/huuvuong/.m2/repository/com/twitter/util-logging_2.12/20.5.0/util-logging_2.12-20.5.0.jar:/home/huuvuong/.m2/repository/com/twitter/util-registry_2.12/20.5.0/util-registry_2.12-20.5.0.jar:/home/huuvuong/.m2/repository/com/twitter/util-security_2.12/20.5.0/util-security_2.12-20.5.0.jar:/home/huuvuong/.m2/repository/com/twitter/util-tunable_2.12/20.5.0/util-tunable_2.12-20.5.0.jar:/home/huuvuong/.m2/repository/com/github/ben-manes/caffeine/caffeine/2.8.0/caffeine-2.8.0.jar:/home/huuvuong/.m2/repository/org/checkerframework/checker-qual/2.10.0/checker-qual-2.10.0.jar:/home/huuvuong/.m2/repository/com/google/errorprone/error_prone_annotations/2.3.3/error_prone_annotations-2.3.3.jar:/home/huuvuong/.m2/repository/org/hdrhistogram/HdrHistogram/2.1.11/HdrHistogram-2.1.11.jar:/home/huuvuong/.m2/repository/com/google/code/findbugs/jsr305/2.0.1/jsr305-2.0.1.jar:/home/huuvuong/.m2/repository/com/twitter/finagle-exp_2.12/20.5.0/finagle-exp_2.12-20.5.0.jar:/home/huuvuong/.m2/repository/com/netflix/concurrency-limits/concurrency-limits-core/0.3.0/concurrency-limits-core-0.3.0.jar:/home/huuvuong/.m2/repository/com/twitter/finagle-thrift_2.12/20.5.0/finagle-thrift_2.12-20.5.0.jar:/home/huuvuong/.m2/repository/com/twitter/finagle-netty4_2.12/20.5.0/finagle-netty4_2.12-20.5.0.jar:/home/huuvuong/.m2/repository/io/netty/netty-handler/4.1.47.Final/netty-handler-4.1.47.Final.jar:/home/huuvuong/.m2/repository/io/netty/netty-common/4.1.47.Final/netty-common-4.1.47.Final.jar:/home/huuvuong/.m2/repository/io/netty/netty-resolver/4.1.47.Final/netty-resolver-4.1.47.Final.jar:/home/huuvuong/.m2/repository/io/netty/netty-buffer/4.1.47.Final/netty-buffer-4.1.47.Final.jar:/home/huuvuong/.m2/repository/io/netty/netty-codec/4.1.47.Final/netty-codec-4.1.47.Final.jar:/home/huuvuong/.m2/repository/io/netty/netty-transport/4.1.47.Final/netty-transport-4.1.47.Final.jar:/home/huuvuong/.m2/repository/io/netty/netty-transport-native-epoll/4.1.47.Final/netty-transport-native-epoll-4.1.47.Final-linux-x86_64.jar:/home/huuvuong/.m2/repository/io/netty/netty-transport-native-unix-common/4.1.47.Final/netty-transport-native-unix-common-4.1.47.Final.jar:/home/huuvuong/.m2/repository/io/netty/netty-handler-proxy/4.1.47.Final/netty-handler-proxy-4.1.47.Final.jar:/home/huuvuong/.m2/repository/io/netty/netty-codec-socks/4.1.47.Final/netty-codec-socks-4.1.47.Final.jar:/home/huuvuong/.m2/repository/com/twitter/finagle-partitioning_2.12/20.5.0/finagle-partitioning_2.12-20.5.0.jar:/home/huuvuong/.m2/repository/com/twitter/finagle-thriftmux_2.12/20.5.0/finagle-thriftmux_2.12-20.5.0.jar:/home/huuvuong/.m2/repository/com/twitter/util-core_2.12/20.5.0/util-core_2.12-20.5.0.jar:/home/huuvuong/.m2/repository/com/twitter/util-function_2.12/20.5.0/util-function_2.12-20.5.0.jar:/home/huuvuong/.m2/repository/org/scala-lang/modules/scala-parser-combinators_2.12/1.1.2/scala-parser-combinators_2.12-1.1.2.jar:/home/huuvuong/.m2/repository/javax/inject/javax.inject/1/javax.inject-1.jar:/home/huuvuong/.m2/repository/org/yaml/snakeyaml/1.24/snakeyaml-1.24.jar:/home/huuvuong/.m2/repository/com/twitter/finatra-http_2.12/20.5.0/finatra-http_2.12-20.5.0.jar:/home/huuvuong/.m2/repository/com/twitter/finatra-http-annotations_2.12/20.5.0/finatra-http-annotations_2.12-20.5.0.jar:/home/huuvuong/.m2/repository/com/twitter/finatra-jackson_2.12/20.5.0/finatra-jackson_2.12-20.5.0.jar:/home/huuvuong/.m2/repository/com/twitter/finatra-utils_2.12/20.5.0/finatra-utils_2.12-20.5.0.jar:/home/huuvuong/.m2/repository/javax/activation/activation/1.1.1/activation-1.1.1.jar:/home/huuvuong/.m2/repository/com/twitter/finagle-http_2.12/20.5.0/finagle-http_2.12-20.5.0.jar:/home/huuvuong/.m2/repository/com/twitter/finagle-base-http_2.12/20.5.0/finagle-base-http_2.12-20.5.0.jar:/home/huuvuong/.m2/repository/io/netty/netty-codec-http/4.1.47.Final/netty-codec-http-4.1.47.Final.jar:/home/huuvuong/.m2/repository/com/twitter/finagle-netty4-http_2.12/20.5.0/finagle-netty4-http_2.12-20.5.0.jar:/home/huuvuong/.m2/repository/com/twitter/finagle-http2_2.12/20.5.0/finagle-http2_2.12-20.5.0.jar:/home/huuvuong/.m2/repository/io/netty/netty-codec-http2/4.1.47.Final/netty-codec-http2-4.1.47.Final.jar:/home/huuvuong/.m2/repository/io/netty/netty-tcnative-boringssl-static/2.0.30.Final/netty-tcnative-boringssl-static-2.0.30.Final.jar:/home/huuvuong/.m2/repository/commons-fileupload/commons-fileupload/1.4/commons-fileupload-1.4.jar:/home/huuvuong/.m2/repository/commons-io/commons-io/2.2/commons-io-2.2.jar:/home/huuvuong/.m2/repository/ch/qos/logback/logback-classic/1.1.7/logback-classic-1.1.7.jar:/home/huuvuong/.m2/repository/ch/qos/logback/logback-core/1.1.7/logback-core-1.1.7.jar:/home/huuvuong/.m2/repository/org/slf4j/slf4j-api/1.7.20/slf4j-api-1.7.20.jar:/home/huuvuong/.m2/repository/com/typesafe/config/1.3.1/config-1.3.1.jar:/home/huuvuong/.m2/repository/com/twitter/finatra-thrift_2.12/20.5.0/finatra-thrift_2.12-20.5.0-tests.jar:/home/huuvuong/.m2/repository/com/twitter/finatra-http_2.12/20.5.0/finatra-http_2.12-20.5.0-tests.jar:/home/huuvuong/.m2/repository/com/twitter/finatra-jackson_2.12/20.5.0/finatra-jackson_2.12-20.5.0-tests.jar:/home/huuvuong/.m2/repository/com/twitter/inject-core_2.12/20.5.0/inject-core_2.12-20.5.0.jar:/home/huuvuong/.m2/repository/com/twitter/inject-utils_2.12/20.5.0/inject-utils_2.12-20.5.0.jar:/home/huuvuong/.m2/repository/javax/xml/bind/jaxb-api/2.3.0/jaxb-api-2.3.0.jar:/home/huuvuong/.m2/repository/com/twitter/finatra-json-annotations_2.12/20.5.0/finatra-json-annotations_2.12-20.5.0.jar:/home/huuvuong/.m2/repository/com/twitter/finatra-validation_2.12/20.5.0/finatra-validation_2.12-20.5.0.jar:/home/huuvuong/.m2/repository/com/fasterxml/jackson/core/jackson-databind/2.11.0/jackson-databind-2.11.0.jar:/home/huuvuong/.m2/repository/com/fasterxml/jackson/core/jackson-core/2.11.0/jackson-core-2.11.0.jar:/home/huuvuong/.m2/repository/com/fasterxml/jackson/datatype/jackson-datatype-joda/2.11.0/jackson-datatype-joda-2.11.0.jar:/home/huuvuong/.m2/repository/com/fasterxml/jackson/module/jackson-module-scala_2.12/2.11.0/jackson-module-scala_2.12-2.11.0.jar:/home/huuvuong/.m2/repository/com/fasterxml/jackson/module/jackson-module-paranamer/2.11.0/jackson-module-paranamer-2.11.0.jar:/home/huuvuong/.m2/repository/com/google/inject/guice/4.2.1/guice-4.2.1.jar:/home/huuvuong/.m2/repository/aopalliance/aopalliance/1.0/aopalliance-1.0.jar:/home/huuvuong/.m2/repository/com/google/guava/guava/25.1-android/guava-25.1-android.jar:/home/huuvuong/.m2/repository/org/checkerframework/checker-compat-qual/2.0.0/checker-compat-qual-2.0.0.jar:/home/huuvuong/.m2/repository/com/google/j2objc/j2objc-annotations/1.1/j2objc-annotations-1.1.jar:/home/huuvuong/.m2/repository/org/codehaus/mojo/animal-sniffer-annotations/1.14/animal-sniffer-annotations-1.14.jar:/home/huuvuong/.m2/repository/org/json4s/json4s-core_2.12/3.6.7/json4s-core_2.12-3.6.7.jar:/home/huuvuong/.m2/repository/org/json4s/json4s-ast_2.12/3.6.7/json4s-ast_2.12-3.6.7.jar:/home/huuvuong/.m2/repository/org/json4s/json4s-scalap_2.12/3.6.7/json4s-scalap_2.12-3.6.7.jar:/home/huuvuong/.m2/repository/com/thoughtworks/paranamer/paranamer/2.8/paranamer-2.8.jar:/home/huuvuong/.m2/repository/com/twitter/inject-core_2.12/20.5.0/inject-core_2.12-20.5.0-tests.jar:/home/huuvuong/.m2/repository/com/google/inject/extensions/guice-assistedinject/4.2.1/guice-assistedinject-4.2.1.jar:/home/huuvuong/.m2/repository/com/google/inject/extensions/guice-multibindings/4.2.1/guice-multibindings-4.2.1.jar:/home/huuvuong/.m2/repository/com/twitter/util-app_2.12/20.5.0/util-app_2.12-20.5.0.jar:/home/huuvuong/.m2/repository/joda-time/joda-time/2.10.6/joda-time-2.10.6.jar:/home/huuvuong/.m2/repository/com/github/nscala-time/nscala-time_2.12/2.14.0/nscala-time_2.12-2.14.0.jar:/home/huuvuong/.m2/repository/net/codingwell/scala-guice_2.12/4.2.0/scala-guice_2.12-4.2.0.jar:/home/huuvuong/.m2/repository/org/joda/joda-convert/1.5/joda-convert-1.5.jar:/home/huuvuong/.m2/repository/org/scala-lang/scalap/2.12.8/scalap-2.12.8.jar:/home/huuvuong/.m2/repository/org/scala-lang/scala-compiler/2.12.8/scala-compiler-2.12.8.jar:/home/huuvuong/.m2/repository/com/twitter/inject-modules_2.12/20.5.0/inject-modules_2.12-20.5.0-tests.jar:/home/huuvuong/.m2/repository/com/twitter/util-slf4j-jul-bridge_2.12/20.5.0/util-slf4j-jul-bridge_2.12-20.5.0.jar:/home/huuvuong/.m2/repository/com/twitter/util-stats_2.12/20.5.0/util-stats_2.12-20.5.0.jar:/home/huuvuong/.m2/repository/com/twitter/inject-app_2.12/20.5.0/inject-app_2.12-20.5.0-tests.jar:/home/huuvuong/.m2/repository/org/slf4j/jcl-over-slf4j/1.7.30/jcl-over-slf4j-1.7.30.jar:/home/huuvuong/.m2/repository/org/slf4j/jul-to-slf4j/1.7.30/jul-to-slf4j-1.7.30.jar:/home/huuvuong/.m2/repository/org/slf4j/log4j-over-slf4j/1.7.30/log4j-over-slf4j-1.7.30.jar:/home/huuvuong/.m2/repository/com/twitter/inject-server_2.12/20.5.0/inject-server_2.12-20.5.0-tests.jar:/home/huuvuong/.m2/repository/com/twitter/inject-app_2.12/20.5.0/inject-app_2.12-20.5.0.jar:/home/huuvuong/.m2/repository/com/twitter/inject-modules_2.12/20.5.0/inject-modules_2.12-20.5.0.jar:/home/huuvuong/.m2/repository/com/twitter/inject-ports_2.12/20.5.0/inject-ports_2.12-20.5.0.jar:/home/huuvuong/.m2/repository/com/twitter/finagle-stats_2.12/20.5.0/finagle-stats_2.12-20.5.0.jar:/home/huuvuong/.m2/repository/com/twitter/finagle-stats-core_2.12/20.5.0/finagle-stats-core_2.12-20.5.0.jar:/home/huuvuong/.m2/repository/com/twitter/twitter-server_2.12/20.5.0/twitter-server_2.12-20.5.0.jar:/home/huuvuong/.m2/repository/com/twitter/finagle-tunable_2.12/20.5.0/finagle-tunable_2.12-20.5.0.jar:/home/huuvuong/.m2/repository/org/scalatest/scalatest_2.12/3.0.8/scalatest_2.12-3.0.8.jar:/home/huuvuong/.m2/repository/org/scalactic/scalactic_2.12/3.0.8/scalactic_2.12-3.0.8.jar:/home/huuvuong/.m2/repository/org/scala-lang/scala-reflect/2.12.8/scala-reflect-2.12.8.jar:/home/huuvuong/.m2/repository/org/scala-lang/modules/scala-xml_2.12/1.2.0/scala-xml_2.12-1.2.0.jar:/home/huuvuong/.m2/repository/org/specs2/specs2-matcher_2.12/3.9.4/specs2-matcher_2.12-3.9.4.jar:/home/huuvuong/.m2/repository/org/specs2/specs2-common_2.12/3.9.4/specs2-common_2.12-3.9.4.jar:/home/huuvuong/.m2/repository/org/scalaz/scalaz-core_2.12/7.2.12/scalaz-core_2.12-7.2.12.jar:/home/huuvuong/.m2/repository/org/scalaz/scalaz-effect_2.12/7.2.12/scalaz-effect_2.12-7.2.12.jar:/home/huuvuong/.m2/repository/org/mockito/mockito-core/1.10.19/mockito-core-1.10.19.jar:/home/huuvuong/.m2/repository/org/hamcrest/hamcrest-core/1.1/hamcrest-core-1.1.jar:/home/huuvuong/.m2/repository/org/objenesis/objenesis/2.1/objenesis-2.1.jar">
</property>
    <property name="java.vm.specification.version" value="1.8"/>
    <property name="sun.arch.data.model" value="64"/>
    <property name="java.home" value="/usr/lib/jvm/java-8-openjdk-amd64/jre"/>
    <property 
    name="sun.java.command" value="org.scalatest.tools.Runner -R /home/huuvuong/source/projectz/target/classes /home/huuvuong/source/projectz/target/test-classes -q Test|Spec -oT -fWDF /home/huuvuong/source/projectz/target/surefire-reports/TestSuite.txt -u /home/huuvuong/source/projectz/target/surefire-reports/.">
</property>
    <property name="java.specification.vendor" value="Oracle Corporation"/>
    <property name="user.language" value="en"/>
    <property name="awt.toolkit" value="sun.awt.X11.XToolkit"/>
    <property name="java.vm.info" value="mixed mode"/>
    <property name="java.version" value="1.8.0_342"/>
    <property 
    name="java.ext.dirs" value="/usr/lib/jvm/java-8-openjdk-amd64/jre/lib/ext:/usr/java/packages/lib/ext">
</property>
    <property 
    name="sun.boot.class.path" value="/usr/lib/jvm/java-8-openjdk-amd64/jre/lib/resources.jar:/usr/lib/jvm/java-8-openjdk-amd64/jre/lib/rt.jar:/usr/lib/jvm/java-8-openjdk-amd64/jre/lib/sunrsasign.jar:/usr/lib/jvm/java-8-openjdk-amd64/jre/lib/jsse.jar:/usr/lib/jvm/java-8-openjdk-amd64/jre/lib/jce.jar:/usr/lib/jvm/java-8-openjdk-amd64/jre/lib/charsets.jar:/usr/lib/jvm/java-8-openjdk-amd64/jre/lib/jfr.jar:/usr/lib/jvm/java-8-openjdk-amd64/jre/classes">
</property>
    <property name="java.vendor" value="Private Build"/>
    <property name="file.separator" value="/"/>
    <property 
    name="java.vendor.url.bug" value="http://bugreport.sun.com/bugreport/">
</property>
    <property name="sun.cpu.endian" value="little"/>
    <property name="sun.io.unicode.encoding" value="UnicodeLittle"/>
    <property name="sun.desktop" value="gnome"/>
    <property name="sun.cpu.isalist" value=""/>
  </properties>
  <testcase 
  name="Test Health Http" classname="com.projectz.controller.HealthControllerTest" time="1.023">
</testcase>
  <system-out><![CDATA[]]></system-out>
  <system-err><![CDATA[]]></system-err>
</testsuite>
